Vivado Simulator v2022.1
Copyright 1986-1999, 2001-2022 Xilinx, Inc. All Rights Reserved.
Running: D:/ProgramFiles2/Xilinx/Vivado/2022.1/bin/unwrapped/win64.o/xelab.exe --incr --debug typical --relax --mt 2 -L xil_defaultlib -L blk_mem_gen_v8_4_5 -L unisims_ver -L unimacro_ver -L secureip -L xpm --snapshot top_bench_behav xil_defaultlib.top_bench xil_defaultlib.glbl -log elaborate.log 
Using 2 slave threads.
Starting static elaboration
Pass Through NonSizing Optimizer
Completed static elaboration
Starting simulation data flow analysis
Completed simulation data flow analysis
Time Resolution for simulation is 1ps
Compiling module xil_defaultlib.controller
Compiling module xil_defaultlib.alucontrol
Compiling module xil_defaultlib.flopenr
Compiling module xil_defaultlib.adrmux2
Compiling module xil_defaultlib.flopen
Compiling module xil_defaultlib.flop
Compiling module xil_defaultlib.regfile
Compiling module xil_defaultlib.mux4(WIDTH=5)
Compiling module xil_defaultlib.mux2
Compiling module xil_defaultlib.mux4
Compiling module xil_defaultlib.mux8
Compiling module xil_defaultlib.alu
Compiling module xil_defaultlib.zerodetect
Compiling module xil_defaultlib.datapath
Compiling module xil_defaultlib.mips
Compiling module blk_mem_gen_v8_4_5.blk_mem_gen_v8_4_5_output_stage(...
Compiling module blk_mem_gen_v8_4_5.blk_mem_gen_v8_4_5_output_stage(...
Compiling module blk_mem_gen_v8_4_5.blk_mem_gen_v8_4_5_softecc_outpu...
Compiling module blk_mem_gen_v8_4_5.blk_mem_gen_v8_4_5_mem_module(C_...
Compiling module blk_mem_gen_v8_4_5.blk_mem_gen_v8_4_5(C_FAMILY="art...
Compiling module xil_defaultlib.ins_mem
Compiling module blk_mem_gen_v8_4_5.blk_mem_gen_v8_4_5_mem_module(C_...
Compiling module blk_mem_gen_v8_4_5.blk_mem_gen_v8_4_5(C_FAMILY="art...
Compiling module xil_defaultlib.dat_mem
Compiling module xil_defaultlib.memadr
Compiling module xil_defaultlib.datamux4
Compiling module xil_defaultlib.memory
Compiling module xil_defaultlib.digital_trans
Compiling module xil_defaultlib.digital
Compiling module xil_defaultlib.top
Compiling module xil_defaultlib.top_bench
Compiling module xil_defaultlib.glbl
Built simulation snapshot top_bench_behav
